<?xml version="1.0" encoding="UTF-8"?>
<!-- Generated by org.testng.reporters.JUnitReportReporter -->
<testsuite hostname="TMGLAP998" failures="0" tests="2" name="com.Testcase.RegisterTestCases" time="16.406" errors="0" timestamp="2024-01-31T09:57:24 IST" skipped="0">
  <testcase classname="com.Testcase.RegisterTestCases" name="Verifyvalidregistration" time="8.231"/>
  <testcase classname="com.Testcase.RegisterTestCases" name="VerifyInvalidregistration" time="8.175"/>
</testsuite> <!-- com.Testcase.RegisterTestCases -->
