<?xml version="1.0" encoding="UTF-8"?>
<!-- Generated by org.testng.reporters.JUnitReportReporter -->
<testsuite hostname="TMGLAP998" failures="0" tests="2" name="com.Testcase.LoginTestCases" time="17.611" errors="0" timestamp="2024-01-31T09:57:23 IST" skipped="0">
  <testcase classname="com.Testcase.LoginTestCases" name="verifyInValidLogin" time="8.620"/>
  <testcase classname="com.Testcase.LoginTestCases" name="verifyValidLogin" time="8.991"/>
</testsuite> <!-- com.Testcase.LoginTestCases -->
